<?xml version="1.0" encoding="UTF-8"?>
<!-- Generated by org.testng.reporters.JUnitXMLReporter -->
<testsuite hostname="DESKTOP-J61HSBV" ignored="0" name="Default test" tests="3" failures="0" timestamp="01 Feb 2021 12:23:02 GMT" time="0.2" errors="0">
  <testcase name="b" time="0.039" classname="com.CRM.qa.testcases.Testng"/>
  <testcase name="c" time="0.005" classname="com.CRM.qa.testcases.Testng"/>
  <testcase name="a" time="0.011" classname="com.CRM.qa.testcases.Testng"/>
</testsuite> <!-- Default test -->
