<?xml version="1.0" encoding="UTF-8"?>
<!-- Generated by org.testng.reporters.JUnitXMLReporter -->
<testsuite hostname="DESKTOP-J61HSBV" ignored="0" name="Test" tests="6" failures="0" timestamp="05 Jan 2021 14:09:09 GMT" time="106.414" errors="0">
  <testcase name="logoinpage" time="0.04" classname="com.CRM.qa.testcases.LoginpageTest"/>
  <testcase name="Titleverification" time="0.016" classname="com.CRM.qa.testcases.HomePageTest"/>
  <testcase name="validData" time="5.69" classname="com.CRM.qa.testcases.LoginpageTest"/>
  <testcase name="PimLinkclick" time="4.051" classname="com.CRM.qa.testcases.HomePageTest"/>
  <testcase name="img" time="0.129" classname="com.CRM.qa.testcases.LoginpageTest"/>
  <testcase name="LeaveLink" time="2.729" classname="com.CRM.qa.testcases.HomePageTest"/>
</testsuite> <!-- Test -->
